app/build/intermediates/manifest_merge_blame_file/debug/processDebugMainManifest/manifest-merger-blame-debug-report.txt
1<?xml version="1.0" encoding="utf-8"?>
2<manifest xmlns:android="http://schemas.android.com/apk/res/android"
3    package="com.ramsha.spendwise"
4    android:versionCode="1"
5    android:versionName="1.0" >
6
7    <uses-sdk
8        android:minSdkVersion="26"
9        android:targetSdkVersion="35" />
10
11    <uses-permission android:name="android.permission.INTERNET" />
11-->[com.google.firebase:firebase-auth:23.0.0] AndroidManifest.xml:25:5-67
11-->[com.google.firebase:firebase-auth:23.0.0] AndroidManifest.xml:25:22-64
12    <uses-permission android:name="android.permission.ACCESS_NETWORK_STATE" />
12-->[com.google.firebase:firebase-auth:23.0.0] AndroidManifest.xml:26:5-79
12-->[com.google.firebase:firebase-auth:23.0.0] AndroidManifest.xml:26:22-76
13    <uses-permission android:name="com.google.android.providers.gsf.permission.READ_GSERVICES" />
13-->[com.google.android.recaptcha:recaptcha:18.4.0] AndroidManifest.xml:9:5-98
13-->[com.google.android.recaptcha:recaptcha:18.4.0] AndroidManifest.xml:9:22-95
14
15    <permission
15-->[androidx.core:core:1.13.1] AndroidManifest.xml:22:5-24:47
16        android:name="com.ramsha.spendwise.DYNAMIC_RECEIVER_NOT_EXPORTED_PERMISSION"
16-->[androidx.core:core:1.13.1] AndroidManifest.xml:23:9-81
17        android:protectionLevel="signature" />
17-->[androidx.core:core:1.13.1] AndroidManifest.xml:24:9-44
18
19    <uses-permission android:name="com.ramsha.spendwise.DYNAMIC_RECEIVER_NOT_EXPORTED_PERMISSION" />
19-->[androidx.core:core:1.13.1] AndroidManifest.xml:26:5-97
19-->[androidx.core:core:1.13.1] AndroidManifest.xml:26:22-94
20
21    <application
21-->src\main\AndroidManifest.xml:4:5-21:19
22        android:name="com.ramsha.spendwise.SpendWiseApp"
22-->src\main\AndroidManifest.xml:5:9-37
23        android:allowBackup="true"
23-->src\main\AndroidManifest.xml:6:9-35
24        android:appComponentFactory="androidx.core.app.CoreComponentFactory"
24-->[androidx.core:core:1.13.1] AndroidManifest.xml:28:18-86
25        android:debuggable="true"
26        android:extractNativeLibs="false"
27        android:icon="@android:mipmap/sym_def_app_icon"
27-->src\main\AndroidManifest.xml:9:9-56
28        android:label="SpendWise"
28-->src\main\AndroidManifest.xml:7:9-34
29        android:roundIcon="@android:mipmap/sym_def_app_icon"
29-->src\main\AndroidManifest.xml:8:9-61
30        android:supportsRtl="true"
30-->src\main\AndroidManifest.xml:10:9-35
31        android:testOnly="true"
32        android:theme="@style/Theme.SpendWise" >
32-->src\main\AndroidManifest.xml:11:9-47
33        <activity
33-->src\main\AndroidManifest.xml:12:9-20:20
34            android:name="com.ramsha.spendwise.MainActivity"
34-->src\main\AndroidManifest.xml:13:13-41
35            android:exported="true"
35-->src\main\AndroidManifest.xml:14:13-36
36            android:theme="@style/Theme.SpendWise" >
36-->src\main\AndroidManifest.xml:15:13-51
37            <intent-filter>
37-->src\main\AndroidManifest.xml:16:13-19:29
38                <action android:name="android.intent.action.MAIN" />
38-->src\main\AndroidManifest.xml:17:17-69
38-->src\main\AndroidManifest.xml:17:25-66
39
40                <category android:name="android.intent.category.LAUNCHER" />
40-->src\main\AndroidManifest.xml:18:17-77
40-->src\main\AndroidManifest.xml:18:27-74
41            </intent-filter>
42        </activity>
43
44        <service
44-->[com.google.firebase:firebase-auth-ktx:23.0.0] AndroidManifest.xml:8:9-14:19
45            android:name="com.google.firebase.components.ComponentDiscoveryService"
45-->[com.google.firebase:firebase-auth-ktx:23.0.0] AndroidManifest.xml:9:13-84
46            android:directBootAware="true"
46-->[com.google.firebase:firebase-common:21.0.0] AndroidManifest.xml:32:13-43
47            android:exported="false" >
47-->[com.google.firebase:firebase-auth-ktx:23.0.0] AndroidManifest.xml:10:13-37
48            <meta-data
48-->[com.google.firebase:firebase-auth-ktx:23.0.0] AndroidManifest.xml:11:13-13:85
49                android:name="com.google.firebase.components:com.google.firebase.auth.ktx.FirebaseAuthLegacyRegistrar"
49-->[com.google.firebase:firebase-auth-ktx:23.0.0] AndroidManifest.xml:12:17-119
50                android:value="com.google.firebase.components.ComponentRegistrar" />
50-->[com.google.firebase:firebase-auth-ktx:23.0.0] AndroidManifest.xml:13:17-82
51            <meta-data
51-->[com.google.firebase:firebase-auth:23.0.0] AndroidManifest.xml:69:13-71:85
52                android:name="com.google.firebase.components:com.google.firebase.auth.FirebaseAuthRegistrar"
52-->[com.google.firebase:firebase-auth:23.0.0] AndroidManifest.xml:70:17-109
53                android:value="com.google.firebase.components.ComponentRegistrar" />
53-->[com.google.firebase:firebase-auth:23.0.0] AndroidManifest.xml:71:17-82
54            <meta-data
54-->[com.google.firebase:firebase-common-ktx:21.0.0] AndroidManifest.xml:12:13-14:85
55                android:name="com.google.firebase.components:com.google.firebase.ktx.FirebaseCommonLegacyRegistrar"
55-->[com.google.firebase:firebase-common-ktx:21.0.0] AndroidManifest.xml:13:17-116
56                android:value="com.google.firebase.components.ComponentRegistrar" />
56-->[com.google.firebase:firebase-common-ktx:21.0.0] AndroidManifest.xml:14:17-82
57            <meta-data
57-->[com.google.firebase:firebase-common:21.0.0] AndroidManifest.xml:35:13-37:85
58                android:name="com.google.firebase.components:com.google.firebase.FirebaseCommonKtxRegistrar"
58-->[com.google.firebase:firebase-common:21.0.0] AndroidManifest.xml:36:17-109
59                android:value="com.google.firebase.components.ComponentRegistrar" />
59-->[com.google.firebase:firebase-common:21.0.0] AndroidManifest.xml:37:17-82
60        </service>
61
62        <activity
62-->[com.google.firebase:firebase-auth:23.0.0] AndroidManifest.xml:29:9-46:20
63            android:name="com.google.firebase.auth.internal.GenericIdpActivity"
63-->[com.google.firebase:firebase-auth:23.0.0] AndroidManifest.xml:30:13-80
64            android:excludeFromRecents="true"
64-->[com.google.firebase:firebase-auth:23.0.0] AndroidManifest.xml:31:13-46
65            android:exported="true"
65-->[com.google.firebase:firebase-auth:23.0.0] AndroidManifest.xml:32:13-36
66            android:launchMode="singleTask"
66-->[com.google.firebase:firebase-auth:23.0.0] AndroidManifest.xml:33:13-44
67            android:theme="@android:style/Theme.Translucent.NoTitleBar" >
67-->[com.google.firebase:firebase-auth:23.0.0] AndroidManifest.xml:34:13-72
68            <intent-filter>
68-->[com.google.firebase:firebase-auth:23.0.0] AndroidManifest.xml:35:13-45:29
69                <action android:name="android.intent.action.VIEW" />
69-->[com.google.firebase:firebase-auth:23.0.0] AndroidManifest.xml:36:17-69
69-->[com.google.firebase:firebase-auth:23.0.0] AndroidManifest.xml:36:25-66
70
71                <category android:name="android.intent.category.DEFAULT" />
71-->[com.google.firebase:firebase-auth:23.0.0] AndroidManifest.xml:38:17-76
71-->[com.google.firebase:firebase-auth:23.0.0] AndroidManifest.xml:38:27-73
72                <category android:name="android.intent.category.BROWSABLE" />
72-->[com.google.firebase:firebase-auth:23.0.0] AndroidManifest.xml:39:17-78
72-->[com.google.firebase:firebase-auth:23.0.0] AndroidManifest.xml:39:27-75
73
74                <data
74-->[com.google.firebase:firebase-auth:23.0.0] AndroidManifest.xml:41:17-44:51
75                    android:host="firebase.auth"
75-->[com.google.firebase:firebase-auth:23.0.0] AndroidManifest.xml:42:21-49
76                    android:path="/"
76-->[com.google.firebase:firebase-auth:23.0.0] AndroidManifest.xml:43:21-37
77                    android:scheme="genericidp" />
77-->[com.google.firebase:firebase-auth:23.0.0] AndroidManifest.xml:44:21-48
78            </intent-filter>
79        </activity>
80        <activity
80-->[com.google.firebase:firebase-auth:23.0.0] AndroidManifest.xml:47:9-64:20
81            android:name="com.google.firebase.auth.internal.RecaptchaActivity"
81-->[com.google.firebase:firebase-auth:23.0.0] AndroidManifest.xml:48:13-79
82            android:excludeFromRecents="true"
82-->[com.google.firebase:firebase-auth:23.0.0] AndroidManifest.xml:49:13-46
83            android:exported="true"
83-->[com.google.firebase:firebase-auth:23.0.0] AndroidManifest.xml:50:13-36
84            android:launchMode="singleTask"
84-->[com.google.firebase:firebase-auth:23.0.0] AndroidManifest.xml:51:13-44
85            android:theme="@android:style/Theme.Translucent.NoTitleBar" >
85-->[com.google.firebase:firebase-auth:23.0.0] AndroidManifest.xml:52:13-72
86            <intent-filter>
86-->[com.google.firebase:firebase-auth:23.0.0] AndroidManifest.xml:53:13-63:29
87                <action android:name="android.intent.action.VIEW" />
87-->[com.google.firebase:firebase-auth:23.0.0] AndroidManifest.xml:36:17-69
87-->[com.google.firebase:firebase-auth:23.0.0] AndroidManifest.xml:36:25-66
88
89                <category android:name="android.intent.category.DEFAULT" />
89-->[com.google.firebase:firebase-auth:23.0.0] AndroidManifest.xml:38:17-76
89-->[com.google.firebase:firebase-auth:23.0.0] AndroidManifest.xml:38:27-73
90                <category android:name="android.intent.category.BROWSABLE" />
90-->[com.google.firebase:firebase-auth:23.0.0] AndroidManifest.xml:39:17-78
90-->[com.google.firebase:firebase-auth:23.0.0] AndroidManifest.xml:39:27-75
91
92                <data
92-->[com.google.firebase:firebase-auth:23.0.0] AndroidManifest.xml:41:17-44:51
93                    android:host="firebase.auth"
93-->[com.google.firebase:firebase-auth:23.0.0] AndroidManifest.xml:42:21-49
94                    android:path="/"
94-->[com.google.firebase:firebase-auth:23.0.0] AndroidManifest.xml:43:21-37
95                    android:scheme="recaptcha" />
95-->[com.google.firebase:firebase-auth:23.0.0] AndroidManifest.xml:44:21-48
96            </intent-filter>
97        </activity>
98
99        <provider
99-->[com.google.firebase:firebase-common:21.0.0] AndroidManifest.xml:23:9-28:39
100            android:name="com.google.firebase.provider.FirebaseInitProvider"
100-->[com.google.firebase:firebase-common:21.0.0] AndroidManifest.xml:24:13-77
101            android:authorities="com.ramsha.spendwise.firebaseinitprovider"
101-->[com.google.firebase:firebase-common:21.0.0] AndroidManifest.xml:25:13-72
102            android:directBootAware="true"
102-->[com.google.firebase:firebase-common:21.0.0] AndroidManifest.xml:26:13-43
103            android:exported="false"
103-->[com.google.firebase:firebase-common:21.0.0] AndroidManifest.xml:27:13-37
104            android:initOrder="100" />
104-->[com.google.firebase:firebase-common:21.0.0] AndroidManifest.xml:28:13-36
105
106        <service
106-->[androidx.credentials:credentials-play-services-auth:1.2.0-rc01] AndroidManifest.xml:24:9-32:19
107            android:name="androidx.credentials.playservices.CredentialProviderMetadataHolder"
107-->[androidx.credentials:credentials-play-services-auth:1.2.0-rc01] AndroidManifest.xml:25:13-94
108            android:enabled="true"
108-->[androidx.credentials:credentials-play-services-auth:1.2.0-rc01] AndroidManifest.xml:26:13-35
109            android:exported="false" >
109-->[androidx.credentials:credentials-play-services-auth:1.2.0-rc01] AndroidManifest.xml:27:13-37
110            <meta-data
110-->[androidx.credentials:credentials-play-services-auth:1.2.0-rc01] AndroidManifest.xml:29:13-31:104
111                android:name="androidx.credentials.CREDENTIAL_PROVIDER_KEY"
111-->[androidx.credentials:credentials-play-services-auth:1.2.0-rc01] AndroidManifest.xml:30:17-76
112                android:value="androidx.credentials.playservices.CredentialProviderPlayServicesImpl" />
112-->[androidx.credentials:credentials-play-services-auth:1.2.0-rc01] AndroidManifest.xml:31:17-101
113        </service>
114
115        <activity
115-->[androidx.credentials:credentials-play-services-auth:1.2.0-rc01] AndroidManifest.xml:34:9-41:20
116            android:name="androidx.credentials.playservices.HiddenActivity"
116-->[androidx.credentials:credentials-play-services-auth:1.2.0-rc01] AndroidManifest.xml:35:13-76
117            android:configChanges="orientation|screenSize|screenLayout|keyboardHidden"
117-->[androidx.credentials:credentials-play-services-auth:1.2.0-rc01] AndroidManifest.xml:36:13-87
118            android:enabled="true"
118-->[androidx.credentials:credentials-play-services-auth:1.2.0-rc01] AndroidManifest.xml:37:13-35
119            android:exported="false"
119-->[androidx.credentials:credentials-play-services-auth:1.2.0-rc01] AndroidManifest.xml:38:13-37
120            android:fitsSystemWindows="true"
120-->[androidx.credentials:credentials-play-services-auth:1.2.0-rc01] AndroidManifest.xml:39:13-45
121            android:theme="@style/Theme.Hidden" >
121-->[androidx.credentials:credentials-play-services-auth:1.2.0-rc01] AndroidManifest.xml:40:13-48
122        </activity>
123        <activity
123-->[com.google.android.gms:play-services-auth:20.7.0] AndroidManifest.xml:23:9-27:75
124            android:name="com.google.android.gms.auth.api.signin.internal.SignInHubActivity"
124-->[com.google.android.gms:play-services-auth:20.7.0] AndroidManifest.xml:24:13-93
125            android:excludeFromRecents="true"
125-->[com.google.android.gms:play-services-auth:20.7.0] AndroidManifest.xml:25:13-46
126            android:exported="false"
126-->[com.google.android.gms:play-services-auth:20.7.0] AndroidManifest.xml:26:13-37
127            android:theme="@android:style/Theme.Translucent.NoTitleBar" />
127-->[com.google.android.gms:play-services-auth:20.7.0] AndroidManifest.xml:27:13-72
128        <!--
129            Service handling Google Sign-In user revocation. For apps that do not integrate with
130            Google Sign-In, this service will never be started.
131        -->
132        <service
132-->[com.google.android.gms:play-services-auth:20.7.0] AndroidManifest.xml:33:9-37:51
133            android:name="com.google.android.gms.auth.api.signin.RevocationBoundService"
133-->[com.google.android.gms:play-services-auth:20.7.0] AndroidManifest.xml:34:13-89
134            android:exported="true"
134-->[com.google.android.gms:play-services-auth:20.7.0] AndroidManifest.xml:35:13-36
135            android:permission="com.google.android.gms.auth.api.signin.permission.REVOCATION_NOTIFICATION"
135-->[com.google.android.gms:play-services-auth:20.7.0] AndroidManifest.xml:36:13-107
136            android:visibleToInstantApps="true" />
136-->[com.google.android.gms:play-services-auth:20.7.0] AndroidManifest.xml:37:13-48
137        <service
137-->[androidx.room:room-runtime:2.6.1] AndroidManifest.xml:24:9-28:63
138            android:name="androidx.room.MultiInstanceInvalidationService"
138-->[androidx.room:room-runtime:2.6.1] AndroidManifest.xml:25:13-74
139            android:directBootAware="true"
139-->[androidx.room:room-runtime:2.6.1] AndroidManifest.xml:26:13-43
140            android:exported="false" />
140-->[androidx.room:room-runtime:2.6.1] AndroidManifest.xml:27:13-37
141
142        <provider
142-->[androidx.emoji2:emoji2:1.3.0] AndroidManifest.xml:24:9-32:20
143            android:name="androidx.startup.InitializationProvider"
143-->[androidx.emoji2:emoji2:1.3.0] AndroidManifest.xml:25:13-67
144            android:authorities="com.ramsha.spendwise.androidx-startup"
144-->[androidx.emoji2:emoji2:1.3.0] AndroidManifest.xml:26:13-68
145            android:exported="false" >
145-->[androidx.emoji2:emoji2:1.3.0] AndroidManifest.xml:27:13-37
146            <meta-data
146-->[androidx.emoji2:emoji2:1.3.0] AndroidManifest.xml:29:13-31:52
147                android:name="androidx.emoji2.text.EmojiCompatInitializer"
147-->[androidx.emoji2:emoji2:1.3.0] AndroidManifest.xml:30:17-75
148                android:value="androidx.startup" />
148-->[androidx.emoji2:emoji2:1.3.0] AndroidManifest.xml:31:17-49
149            <meta-data
149-->[androidx.lifecycle:lifecycle-process:2.8.4] AndroidManifest.xml:29:13-31:52
150                android:name="androidx.lifecycle.ProcessLifecycleInitializer"
150-->[androidx.lifecycle:lifecycle-process:2.8.4] AndroidManifest.xml:30:17-78
151                android:value="androidx.startup" />
151-->[androidx.lifecycle:lifecycle-process:2.8.4] AndroidManifest.xml:31:17-49
152            <meta-data
152-->[androidx.profileinstaller:profileinstaller:1.3.1] AndroidManifest.xml:29:13-31:52
153                android:name="androidx.profileinstaller.ProfileInstallerInitializer"
153-->[androidx.profileinstaller:profileinstaller:1.3.1] AndroidManifest.xml:30:17-85
154                android:value="androidx.startup" />
154-->[androidx.profileinstaller:profileinstaller:1.3.1] AndroidManifest.xml:31:17-49
155        </provider>
156
157        <activity
157-->[com.google.android.gms:play-services-base:18.0.1] AndroidManifest.xml:20:9-22:45
158            android:name="com.google.android.gms.common.api.GoogleApiActivity"
158-->[com.google.android.gms:play-services-base:18.0.1] AndroidManifest.xml:20:19-85
159            android:exported="false"
159-->[com.google.android.gms:play-services-base:18.0.1] AndroidManifest.xml:22:19-43
160            android:theme="@android:style/Theme.Translucent.NoTitleBar" />
160-->[com.google.android.gms:play-services-base:18.0.1] AndroidManifest.xml:21:19-78
161
162        <meta-data
162-->[com.google.android.gms:play-services-basement:18.3.0] AndroidManifest.xml:21:9-23:69
163            android:name="com.google.android.gms.version"
163-->[com.google.android.gms:play-services-basement:18.3.0] AndroidManifest.xml:22:13-58
164            android:value="@integer/google_play_services_version" />
164-->[com.google.android.gms:play-services-basement:18.3.0] AndroidManifest.xml:23:13-66
165
166        <activity
166-->[androidx.compose.ui:ui-tooling-android:1.6.8] AndroidManifest.xml:23:9-25:39
167            android:name="androidx.compose.ui.tooling.PreviewActivity"
167-->[androidx.compose.ui:ui-tooling-android:1.6.8] AndroidManifest.xml:24:13-71
168            android:exported="true" />
168-->[androidx.compose.ui:ui-tooling-android:1.6.8] AndroidManifest.xml:25:13-36
169
170        <receiver
170-->[androidx.profileinstaller:profileinstaller:1.3.1] AndroidManifest.xml:34:9-52:20
171            android:name="androidx.profileinstaller.ProfileInstallReceiver"
171-->[androidx.profileinstaller:profileinstaller:1.3.1] AndroidManifest.xml:35:13-76
172            android:directBootAware="false"
172-->[androidx.profileinstaller:profileinstaller:1.3.1] AndroidManifest.xml:36:13-44
173            android:enabled="true"
173-->[androidx.profileinstaller:profileinstaller:1.3.1] AndroidManifest.xml:37:13-35
174            android:exported="true"
174-->[androidx.profileinstaller:profileinstaller:1.3.1] AndroidManifest.xml:38:13-36
175            android:permission="android.permission.DUMP" >
175-->[androidx.profileinstaller:profileinstaller:1.3.1] AndroidManifest.xml:39:13-57
176            <intent-filter>
176-->[androidx.profileinstaller:profileinstaller:1.3.1] AndroidManifest.xml:40:13-42:29
177                <action android:name="androidx.profileinstaller.action.INSTALL_PROFILE" />
177-->[androidx.profileinstaller:profileinstaller:1.3.1] AndroidManifest.xml:41:17-91
177-->[androidx.profileinstaller:profileinstaller:1.3.1] AndroidManifest.xml:41:25-88
178            </intent-filter>
179            <intent-filter>
179-->[androidx.profileinstaller:profileinstaller:1.3.1] AndroidManifest.xml:43:13-45:29
180                <action android:name="androidx.profileinstaller.action.SKIP_FILE" />
180-->[androidx.profileinstaller:profileinstaller:1.3.1] AndroidManifest.xml:44:17-85
180-->[androidx.profileinstaller:profileinstaller:1.3.1] AndroidManifest.xml:44:25-82
181            </intent-filter>
182            <intent-filter>
182-->[androidx.profileinstaller:profileinstaller:1.3.1] AndroidManifest.xml:46:13-48:29
183                <action android:name="androidx.profileinstaller.action.SAVE_PROFILE" />
183-->[androidx.profileinstaller:profileinstaller:1.3.1] AndroidManifest.xml:47:17-88
183-->[androidx.profileinstaller:profileinstaller:1.3.1] AndroidManifest.xml:47:25-85
184            </intent-filter>
185            <intent-filter>
185-->[androidx.profileinstaller:profileinstaller:1.3.1] AndroidManifest.xml:49:13-51:29
186                <action android:name="androidx.profileinstaller.action.BENCHMARK_OPERATION" />
186-->[androidx.profileinstaller:profileinstaller:1.3.1] AndroidManifest.xml:50:17-95
186-->[androidx.profileinstaller:profileinstaller:1.3.1] AndroidManifest.xml:50:25-92
187            </intent-filter>
188        </receiver>
189    </application>
190
191</manifest>